#
# There is insufficient memory for the Java Runtime Environment to continue.
# Native memory allocation (mmap) failed to map 65536 bytes for Failed to commit metaspace.
# Possible reasons:
#   The system is out of physical RAM or swap space
#   The process is running with CompressedOops enabled, and the Java Heap may be blocking the growth of the native heap
# Possible solutions:
#   Reduce memory load on the system
#   Increase physical memory or swap space
#   Check if swap backing store is full
#   Decrease Java heap size (-Xmx/-Xms)
#   Decrease number of Java threads
#   Decrease Java thread stack sizes (-Xss)
#   Set larger code cache with -XX:ReservedCodeCacheSize=
#   JVM is running with Unscaled Compressed Oops mode in which the Java heap is
#     placed in the first 4GB address space. The Java Heap base address is the
#     maximum limit for the native heap growth. Please use -XX:HeapBaseMinAddress
#     to set the Java Heap base and to place the Java Heap above 4GB virtual address.
# This output file may be truncated or incomplete.
#
#  Out of Memory Error (virtualSpaceNode.cpp:110), pid=2796, tid=12908
#
# JRE version: Java(TM) SE Runtime Environment (20.0.2+9) (build 20.0.2+9-78)
# Java VM: Java HotSpot(TM) 64-Bit Server VM (20.0.2+9-78, mixed mode, sharing, tiered, compressed oops, compressed class ptrs, g1 gc, windows-amd64)
# No core dump will be written. Minidumps are not enabled by default on client versions of Windows
#

---------------  S U M M A R Y ------------

Command Line: -Dfile.encoding=UTF-8 vista.MenuPrincipal

Host: Intel(R) Core(TM) i3-10110U CPU @ 2.10GHz, 4 cores, 7G,  Windows 11 , 64 bit Build 22621 (10.0.22621.2428)
Time: Wed Oct 18 16:45:01 2023 Hora est. Pacífico, Sudamérica elapsed time: 0.350382 seconds (0d 0h 0m 0s)

---------------  T H R E A D  ---------------

Current thread (0x000001dcab0c7bd0):  JavaThread "main" [_thread_in_vm, id=12908, stack(0x000000d9c8200000,0x000000d9c8300000)]

Stack: [0x000000d9c8200000,0x000000d9c8300000]
Native frames: (J=compiled Java code, j=interpreted, Vv=VM code, C=native code)
V  [jvm.dll+0x6bc25a]
V  [jvm.dll+0x84971a]
V  [jvm.dll+0x84b315]
V  [jvm.dll+0x84ba13]
V  [jvm.dll+0x280e4f]
V  [jvm.dll+0x84565b]
V  [jvm.dll+0x660616]
V  [jvm.dll+0x66067a]
V  [jvm.dll+0x662f53]
V  [jvm.dll+0x662e1e]
V  [jvm.dll+0x66102e]
V  [jvm.dll+0x26c9df]
V  [jvm.dll+0x66b665]
V  [jvm.dll+0x21b712]
V  [jvm.dll+0x21bc45]
V  [jvm.dll+0x21c631]
V  [jvm.dll+0x211a50]
V  [jvm.dll+0x59c7cc]
V  [jvm.dll+0x22303a]
V  [jvm.dll+0x7c38c4]
V  [jvm.dll+0x7c4a0f]
V  [jvm.dll+0x7c4fbf]
V  [jvm.dll+0x7c4c68]
V  [jvm.dll+0x2705bb]
V  [jvm.dll+0x3d89fe]
C  0x000001dcbbecf8df

Java frames: (J=compiled Java code, j=interpreted, Vv=VM code)
j  javax.swing.text.PlainDocument.<init>()V+1 java.desktop@20.0.2
j  javax.swing.text.DefaultEditorKit.createDefaultDocument()Ljavax/swing/text/Document;+4 java.desktop@20.0.2
j  javax.swing.plaf.basic.BasicTextUI.installUI(Ljavax/swing/JComponent;)V+151 java.desktop@20.0.2
j  javax.swing.JComponent.setUI(Ljavax/swing/plaf/ComponentUI;)V+52 java.desktop@20.0.2
j  javax.swing.text.JTextComponent.setUI(Ljavax/swing/plaf/TextUI;)V+2 java.desktop@20.0.2
j  javax.swing.text.JTextComponent.updateUI()V+8 java.desktop@20.0.2
j  javax.swing.text.JTextComponent.<init>()V+62 java.desktop@20.0.2
j  javax.swing.JTextField.<init>(Ljavax/swing/text/Document;Ljava/lang/String;I)V+1 java.desktop@20.0.2
j  javax.swing.JTextField.<init>()V+4 java.desktop@20.0.2
j  vista.Login.crearGUI()V+117
j  vista.Login.<init>()V+37
j  vista.MenuPrincipal.main([Ljava/lang/String;)V+4
v  ~StubRoutines::call_stub 0x000001dcbbea100d

---------------  P R O C E S S  ---------------

Threads class SMR info:
_java_thread_list=0x000001dd0e6e2470, length=15, elements={
0x000001dcab0c7bd0, 0x000001dcc90e92d0, 0x000001dcc90ea310, 0x000001dcc90f1df0,
0x000001dcc90f6c60, 0x000001dcc90f7cf0, 0x000001dcc90f8760, 0x000001dcc9103e70,
0x000001dcc91056a0, 0x000001dd0e4f04e0, 0x000001dd0e4f8800, 0x000001dd0e6e4960,
0x000001dd0e71dc90, 0x000001dd0e7224c0, 0x000001dd0e7b2030
}

Java Threads: ( => current thread )
=>0x000001dcab0c7bd0 JavaThread "main" [_thread_in_vm, id=12908, stack(0x000000d9c8200000,0x000000d9c8300000)]
  0x000001dcc90e92d0 JavaThread "Reference Handler" daemon [_thread_blocked, id=14288, stack(0x000000d9c8900000,0x000000d9c8a00000)]
  0x000001dcc90ea310 JavaThread "Finalizer" daemon [_thread_blocked, id=1980, stack(0x000000d9c8a00000,0x000000d9c8b00000)]
  0x000001dcc90f1df0 JavaThread "Signal Dispatcher" daemon [_thread_blocked, id=18276, stack(0x000000d9c8b00000,0x000000d9c8c00000)]
  0x000001dcc90f6c60 JavaThread "Attach Listener" daemon [_thread_blocked, id=17532, stack(0x000000d9c8c00000,0x000000d9c8d00000)]
  0x000001dcc90f7cf0 JavaThread "Service Thread" daemon [_thread_blocked, id=3984, stack(0x000000d9c8d00000,0x000000d9c8e00000)]
  0x000001dcc90f8760 JavaThread "Monitor Deflation Thread" daemon [_thread_blocked, id=4664, stack(0x000000d9c8e00000,0x000000d9c8f00000)]
  0x000001dcc9103e70 JavaThread "C2 CompilerThread0" daemon [_thread_blocked, id=12052, stack(0x000000d9c8f00000,0x000000d9c9000000)]
  0x000001dcc91056a0 JavaThread "C1 CompilerThread0" daemon [_thread_blocked, id=7904, stack(0x000000d9c9000000,0x000000d9c9100000)]
  0x000001dd0e4f04e0 JavaThread "Notification Thread" daemon [_thread_blocked, id=3952, stack(0x000000d9c9100000,0x000000d9c9200000)]
  0x000001dd0e4f8800 JavaThread "Common-Cleaner" daemon [_thread_blocked, id=18436, stack(0x000000d9c9300000,0x000000d9c9400000)]
  0x000001dd0e6e4960 JavaThread "Java2D Disposer" daemon [_thread_blocked, id=20408, stack(0x000000d9c9500000,0x000000d9c9600000)]
  0x000001dd0e71dc90 JavaThread "AWT-Shutdown" [_thread_blocked, id=14900, stack(0x000000d9c9600000,0x000000d9c9700000)]
  0x000001dd0e7224c0 JavaThread "AWT-Windows" daemon [_thread_in_native, id=18816, stack(0x000000d9c9700000,0x000000d9c9800000)]
  0x000001dd0e7b2030 JavaThread "Image Fetcher 0" daemon [_thread_blocked, id=12768, stack(0x000000d9c9800000,0x000000d9c9900000)]

Other Threads:
  0x000001dcc90cb680 VMThread "VM Thread" [stack: 0x000000d9c8800000,0x000000d9c8900000] [id=796]
  0x000001dd0e4f2e50 WatcherThread "VM Periodic Task Thread" [stack: 0x000000d9c9200000,0x000000d9c9300000] [id=6028]
  0x000001dcab129070 WorkerThread "GC Thread#0" [stack: 0x000000d9c8300000,0x000000d9c8400000] [id=11708]
  0x000001dcab139a80 ConcurrentGCThread "G1 Main Marker" [stack: 0x000000d9c8400000,0x000000d9c8500000] [id=14684]
  0x000001dcab13adf0 WorkerThread "G1 Conc#0" [stack: 0x000000d9c8500000,0x000000d9c8600000] [id=12620]
  0x000001dcab18eb40 ConcurrentGCThread "G1 Refine#0" [stack: 0x000000d9c8600000,0x000000d9c8700000] [id=19020]
  0x000001dcc8f8b750 ConcurrentGCThread "G1 Service" [stack: 0x000000d9c8700000,0x000000d9c8800000] [id=14916]

Threads with active compile tasks:

VM state: not at safepoint (normal execution)

VM Mutex/Monitor currently owned by a thread:  ([mutex/lock_event])
[0x000001dcab0c13c0] Metaspace_lock - owner thread: 0x000001dcab0c7bd0

Heap address: 0x0000000082800000, size: 2008 MB, Compressed Oops mode: 32-bit

CDS archive(s) mapped at: [0x000001dcc9400000-0x000001dcca060000-0x000001dcca060000), size 12976128, SharedBaseAddress: 0x000001dcc9400000, ArchiveRelocationMode: 1.
Compressed class space mapped at: 0x000001dcca400000-0x000001dd0a400000, reserved size: 1073741824
Narrow klass base: 0x000001dcc9400000, Narrow klass shift: 0, Narrow klass range: 0x100000000

GC Precious Log:
 CardTable entry size: 512
 Card Set container configuration: InlinePtr #cards 5 size 8 Array Of Cards #cards 12 size 40 Howl #buckets 4 coarsen threshold 1843 Howl Bitmap #cards 512 size 80 coarsen threshold 460 Card regions per heap region 1 cards per card region 2048
 CPUs: 4 total, 4 available
 Memory: 8025M
 Large Page Support: Disabled
 NUMA Support: Disabled
 Compressed Oops: Enabled (32-bit)
 Heap Region Size: 1M
 Heap Min Capacity: 8M
 Heap Initial Capacity: 126M
 Heap Max Capacity: 2008M
 Pre-touch: Disabled
 Parallel Workers: 4
 Concurrent Workers: 1
 Concurrent Refinement Workers: 4
 Periodic GC: Disabled

Heap:
 garbage-first heap   total 129024K, used 6144K [0x0000000082800000, 0x0000000100000000)
  region size 1024K, 7 young (7168K), 0 survivors (0K)
 Metaspace       used 5422K, committed 5632K, reserved 1114112K
  class space    used 600K, committed 704K, reserved 1048576K

Heap Regions: E=young(eden), S=young(survivor), O=old, HS=humongous(starts), HC=humongous(continues), CS=collection set, F=free, OA=open archive, CA=closed archive, TAMS=top-at-mark-start, PB=parsable bottom
|   0|0x0000000082800000, 0x0000000082800000, 0x0000000082900000|  0%| F|  |TAMS 0x0000000082800000| PB 0x0000000082800000| Untracked 
|   1|0x0000000082900000, 0x0000000082900000, 0x0000000082a00000|  0%| F|  |TAMS 0x0000000082900000| PB 0x0000000082900000| Untracked 
|   2|0x0000000082a00000, 0x0000000082a00000, 0x0000000082b00000|  0%| F|  |TAMS 0x0000000082a00000| PB 0x0000000082a00000| Untracked 
|   3|0x0000000082b00000, 0x0000000082b00000, 0x0000000082c00000|  0%| F|  |TAMS 0x0000000082b00000| PB 0x0000000082b00000| Untracked 
|   4|0x0000000082c00000, 0x0000000082c00000, 0x0000000082d00000|  0%| F|  |TAMS 0x0000000082c00000| PB 0x0000000082c00000| Untracked 
|   5|0x0000000082d00000, 0x0000000082d00000, 0x0000000082e00000|  0%| F|  |TAMS 0x0000000082d00000| PB 0x0000000082d00000| Untracked 
|   6|0x0000000082e00000, 0x0000000082e00000, 0x0000000082f00000|  0%| F|  |TAMS 0x0000000082e00000| PB 0x0000000082e00000| Untracked 
|   7|0x0000000082f00000, 0x0000000082f00000, 0x0000000083000000|  0%| F|  |TAMS 0x0000000082f00000| PB 0x0000000082f00000| Untracked 
|   8|0x0000000083000000, 0x0000000083000000, 0x0000000083100000|  0%| F|  |TAMS 0x0000000083000000| PB 0x0000000083000000| Untracked 
|   9|0x0000000083100000, 0x0000000083100000, 0x0000000083200000|  0%| F|  |TAMS 0x0000000083100000| PB 0x0000000083100000| Untracked 
|  10|0x0000000083200000, 0x0000000083200000, 0x0000000083300000|  0%| F|  |TAMS 0x0000000083200000| PB 0x0000000083200000| Untracked 
|  11|0x0000000083300000, 0x0000000083300000, 0x0000000083400000|  0%| F|  |TAMS 0x0000000083300000| PB 0x0000000083300000| Untracked 
|  12|0x0000000083400000, 0x0000000083400000, 0x0000000083500000|  0%| F|  |TAMS 0x0000000083400000| PB 0x0000000083400000| Untracked 
|  13|0x0000000083500000, 0x0000000083500000, 0x0000000083600000|  0%| F|  |TAMS 0x0000000083500000| PB 0x0000000083500000| Untracked 
|  14|0x0000000083600000, 0x0000000083600000, 0x0000000083700000|  0%| F|  |TAMS 0x0000000083600000| PB 0x0000000083600000| Untracked 
|  15|0x0000000083700000, 0x0000000083700000, 0x0000000083800000|  0%| F|  |TAMS 0x0000000083700000| PB 0x0000000083700000| Untracked 
|  16|0x0000000083800000, 0x0000000083800000, 0x0000000083900000|  0%| F|  |TAMS 0x0000000083800000| PB 0x0000000083800000| Untracked 
|  17|0x0000000083900000, 0x0000000083900000, 0x0000000083a00000|  0%| F|  |TAMS 0x0000000083900000| PB 0x0000000083900000| Untracked 
|  18|0x0000000083a00000, 0x0000000083a00000, 0x0000000083b00000|  0%| F|  |TAMS 0x0000000083a00000| PB 0x0000000083a00000| Untracked 
|  19|0x0000000083b00000, 0x0000000083b00000, 0x0000000083c00000|  0%| F|  |TAMS 0x0000000083b00000| PB 0x0000000083b00000| Untracked 
|  20|0x0000000083c00000, 0x0000000083c00000, 0x0000000083d00000|  0%| F|  |TAMS 0x0000000083c00000| PB 0x0000000083c00000| Untracked 
|  21|0x0000000083d00000, 0x0000000083d00000, 0x0000000083e00000|  0%| F|  |TAMS 0x0000000083d00000| PB 0x0000000083d00000| Untracked 
|  22|0x0000000083e00000, 0x0000000083e00000, 0x0000000083f00000|  0%| F|  |TAMS 0x0000000083e00000| PB 0x0000000083e00000| Untracked 
|  23|0x0000000083f00000, 0x0000000083f00000, 0x0000000084000000|  0%| F|  |TAMS 0x0000000083f00000| PB 0x0000000083f00000| Untracked 
|  24|0x0000000084000000, 0x0000000084000000, 0x0000000084100000|  0%| F|  |TAMS 0x0000000084000000| PB 0x0000000084000000| Untracked 
|  25|0x0000000084100000, 0x0000000084100000, 0x0000000084200000|  0%| F|  |TAMS 0x0000000084100000| PB 0x0000000084100000| Untracked 
|  26|0x0000000084200000, 0x0000000084200000, 0x0000000084300000|  0%| F|  |TAMS 0x0000000084200000| PB 0x0000000084200000| Untracked 
|  27|0x0000000084300000, 0x0000000084300000, 0x0000000084400000|  0%| F|  |TAMS 0x0000000084300000| PB 0x0000000084300000| Untracked 
|  28|0x0000000084400000, 0x0000000084400000, 0x0000000084500000|  0%| F|  |TAMS 0x0000000084400000| PB 0x0000000084400000| Untracked 
|  29|0x0000000084500000, 0x0000000084500000, 0x0000000084600000|  0%| F|  |TAMS 0x0000000084500000| PB 0x0000000084500000| Untracked 
|  30|0x0000000084600000, 0x0000000084600000, 0x0000000084700000|  0%| F|  |TAMS 0x0000000084600000| PB 0x0000000084600000| Untracked 
|  31|0x0000000084700000, 0x0000000084700000, 0x0000000084800000|  0%| F|  |TAMS 0x0000000084700000| PB 0x0000000084700000| Untracked 
|  32|0x0000000084800000, 0x0000000084800000, 0x0000000084900000|  0%| F|  |TAMS 0x0000000084800000| PB 0x0000000084800000| Untracked 
|  33|0x0000000084900000, 0x0000000084900000, 0x0000000084a00000|  0%| F|  |TAMS 0x0000000084900000| PB 0x0000000084900000| Untracked 
|  34|0x0000000084a00000, 0x0000000084a00000, 0x0000000084b00000|  0%| F|  |TAMS 0x0000000084a00000| PB 0x0000000084a00000| Untracked 
|  35|0x0000000084b00000, 0x0000000084b00000, 0x0000000084c00000|  0%| F|  |TAMS 0x0000000084b00000| PB 0x0000000084b00000| Untracked 
|  36|0x0000000084c00000, 0x0000000084c00000, 0x0000000084d00000|  0%| F|  |TAMS 0x0000000084c00000| PB 0x0000000084c00000| Untracked 
|  37|0x0000000084d00000, 0x0000000084d00000, 0x0000000084e00000|  0%| F|  |TAMS 0x0000000084d00000| PB 0x0000000084d00000| Untracked 
|  38|0x0000000084e00000, 0x0000000084e00000, 0x0000000084f00000|  0%| F|  |TAMS 0x0000000084e00000| PB 0x0000000084e00000| Untracked 
|  39|0x0000000084f00000, 0x0000000084f00000, 0x0000000085000000|  0%| F|  |TAMS 0x0000000084f00000| PB 0x0000000084f00000| Untracked 
|  40|0x0000000085000000, 0x0000000085000000, 0x0000000085100000|  0%| F|  |TAMS 0x0000000085000000| PB 0x0000000085000000| Untracked 
|  41|0x0000000085100000, 0x0000000085100000, 0x0000000085200000|  0%| F|  |TAMS 0x0000000085100000| PB 0x0000000085100000| Untracked 
|  42|0x0000000085200000, 0x0000000085200000, 0x0000000085300000|  0%| F|  |TAMS 0x0000000085200000| PB 0x0000000085200000| Untracked 
|  43|0x0000000085300000, 0x0000000085300000, 0x0000000085400000|  0%| F|  |TAMS 0x0000000085300000| PB 0x0000000085300000| Untracked 
|  44|0x0000000085400000, 0x0000000085400000, 0x0000000085500000|  0%| F|  |TAMS 0x0000000085400000| PB 0x0000000085400000| Untracked 
|  45|0x0000000085500000, 0x0000000085500000, 0x0000000085600000|  0%| F|  |TAMS 0x0000000085500000| PB 0x0000000085500000| Untracked 
|  46|0x0000000085600000, 0x0000000085600000, 0x0000000085700000|  0%| F|  |TAMS 0x0000000085600000| PB 0x0000000085600000| Untracked 
|  47|0x0000000085700000, 0x0000000085700000, 0x0000000085800000|  0%| F|  |TAMS 0x0000000085700000| PB 0x0000000085700000| Untracked 
|  48|0x0000000085800000, 0x0000000085800000, 0x0000000085900000|  0%| F|  |TAMS 0x0000000085800000| PB 0x0000000085800000| Untracked 
|  49|0x0000000085900000, 0x0000000085900000, 0x0000000085a00000|  0%| F|  |TAMS 0x0000000085900000| PB 0x0000000085900000| Untracked 
|  50|0x0000000085a00000, 0x0000000085a00000, 0x0000000085b00000|  0%| F|  |TAMS 0x0000000085a00000| PB 0x0000000085a00000| Untracked 
|  51|0x0000000085b00000, 0x0000000085b00000, 0x0000000085c00000|  0%| F|  |TAMS 0x0000000085b00000| PB 0x0000000085b00000| Untracked 
|  52|0x0000000085c00000, 0x0000000085c00000, 0x0000000085d00000|  0%| F|  |TAMS 0x0000000085c00000| PB 0x0000000085c00000| Untracked 
|  53|0x0000000085d00000, 0x0000000085d00000, 0x0000000085e00000|  0%| F|  |TAMS 0x0000000085d00000| PB 0x0000000085d00000| Untracked 
|  54|0x0000000085e00000, 0x0000000085e00000, 0x0000000085f00000|  0%| F|  |TAMS 0x0000000085e00000| PB 0x0000000085e00000| Untracked 
|  55|0x0000000085f00000, 0x0000000085f00000, 0x0000000086000000|  0%| F|  |TAMS 0x0000000085f00000| PB 0x0000000085f00000| Untracked 
|  56|0x0000000086000000, 0x0000000086000000, 0x0000000086100000|  0%| F|  |TAMS 0x0000000086000000| PB 0x0000000086000000| Untracked 
|  57|0x0000000086100000, 0x0000000086100000, 0x0000000086200000|  0%| F|  |TAMS 0x0000000086100000| PB 0x0000000086100000| Untracked 
|  58|0x0000000086200000, 0x0000000086200000, 0x0000000086300000|  0%| F|  |TAMS 0x0000000086200000| PB 0x0000000086200000| Untracked 
|  59|0x0000000086300000, 0x0000000086300000, 0x0000000086400000|  0%| F|  |TAMS 0x0000000086300000| PB 0x0000000086300000| Untracked 
|  60|0x0000000086400000, 0x0000000086400000, 0x0000000086500000|  0%| F|  |TAMS 0x0000000086400000| PB 0x0000000086400000| Untracked 
|  61|0x0000000086500000, 0x0000000086500000, 0x0000000086600000|  0%| F|  |TAMS 0x0000000086500000| PB 0x0000000086500000| Untracked 
|  62|0x0000000086600000, 0x0000000086600000, 0x0000000086700000|  0%| F|  |TAMS 0x0000000086600000| PB 0x0000000086600000| Untracked 
|  63|0x0000000086700000, 0x0000000086700000, 0x0000000086800000|  0%| F|  |TAMS 0x0000000086700000| PB 0x0000000086700000| Untracked 
|  64|0x0000000086800000, 0x0000000086800000, 0x0000000086900000|  0%| F|  |TAMS 0x0000000086800000| PB 0x0000000086800000| Untracked 
|  65|0x0000000086900000, 0x0000000086900000, 0x0000000086a00000|  0%| F|  |TAMS 0x0000000086900000| PB 0x0000000086900000| Untracked 
|  66|0x0000000086a00000, 0x0000000086a00000, 0x0000000086b00000|  0%| F|  |TAMS 0x0000000086a00000| PB 0x0000000086a00000| Untracked 
|  67|0x0000000086b00000, 0x0000000086b00000, 0x0000000086c00000|  0%| F|  |TAMS 0x0000000086b00000| PB 0x0000000086b00000| Untracked 
|  68|0x0000000086c00000, 0x0000000086c00000, 0x0000000086d00000|  0%| F|  |TAMS 0x0000000086c00000| PB 0x0000000086c00000| Untracked 
|  69|0x0000000086d00000, 0x0000000086d00000, 0x0000000086e00000|  0%| F|  |TAMS 0x0000000086d00000| PB 0x0000000086d00000| Untracked 
|  70|0x0000000086e00000, 0x0000000086e00000, 0x0000000086f00000|  0%| F|  |TAMS 0x0000000086e00000| PB 0x0000000086e00000| Untracked 
|  71|0x0000000086f00000, 0x0000000086f00000, 0x0000000087000000|  0%| F|  |TAMS 0x0000000086f00000| PB 0x0000000086f00000| Untracked 
|  72|0x0000000087000000, 0x0000000087000000, 0x0000000087100000|  0%| F|  |TAMS 0x0000000087000000| PB 0x0000000087000000| Untracked 
|  73|0x0000000087100000, 0x0000000087100000, 0x0000000087200000|  0%| F|  |TAMS 0x0000000087100000| PB 0x0000000087100000| Untracked 
|  74|0x0000000087200000, 0x0000000087200000, 0x0000000087300000|  0%| F|  |TAMS 0x0000000087200000| PB 0x0000000087200000| Untracked 
|  75|0x0000000087300000, 0x0000000087300000, 0x0000000087400000|  0%| F|  |TAMS 0x0000000087300000| PB 0x0000000087300000| Untracked 
|  76|0x0000000087400000, 0x0000000087400000, 0x0000000087500000|  0%| F|  |TAMS 0x0000000087400000| PB 0x0000000087400000| Untracked 
|  77|0x0000000087500000, 0x0000000087500000, 0x0000000087600000|  0%| F|  |TAMS 0x0000000087500000| PB 0x0000000087500000| Untracked 
|  78|0x0000000087600000, 0x0000000087600000, 0x0000000087700000|  0%| F|  |TAMS 0x0000000087600000| PB 0x0000000087600000| Untracked 
|  79|0x0000000087700000, 0x0000000087700000, 0x0000000087800000|  0%| F|  |TAMS 0x0000000087700000| PB 0x0000000087700000| Untracked 
|  80|0x0000000087800000, 0x0000000087800000, 0x0000000087900000|  0%| F|  |TAMS 0x0000000087800000| PB 0x0000000087800000| Untracked 
|  81|0x0000000087900000, 0x0000000087900000, 0x0000000087a00000|  0%| F|  |TAMS 0x0000000087900000| PB 0x0000000087900000| Untracked 
|  82|0x0000000087a00000, 0x0000000087a00000, 0x0000000087b00000|  0%| F|  |TAMS 0x0000000087a00000| PB 0x0000000087a00000| Untracked 
|  83|0x0000000087b00000, 0x0000000087b00000, 0x0000000087c00000|  0%| F|  |TAMS 0x0000000087b00000| PB 0x0000000087b00000| Untracked 
|  84|0x0000000087c00000, 0x0000000087c00000, 0x0000000087d00000|  0%| F|  |TAMS 0x0000000087c00000| PB 0x0000000087c00000| Untracked 
|  85|0x0000000087d00000, 0x0000000087d00000, 0x0000000087e00000|  0%| F|  |TAMS 0x0000000087d00000| PB 0x0000000087d00000| Untracked 
|  86|0x0000000087e00000, 0x0000000087e00000, 0x0000000087f00000|  0%| F|  |TAMS 0x0000000087e00000| PB 0x0000000087e00000| Untracked 
|  87|0x0000000087f00000, 0x0000000087f00000, 0x0000000088000000|  0%| F|  |TAMS 0x0000000087f00000| PB 0x0000000087f00000| Untracked 
|  88|0x0000000088000000, 0x0000000088000000, 0x0000000088100000|  0%| F|  |TAMS 0x0000000088000000| PB 0x0000000088000000| Untracked 
|  89|0x0000000088100000, 0x0000000088100000, 0x0000000088200000|  0%| F|  |TAMS 0x0000000088100000| PB 0x0000000088100000| Untracked 
|  90|0x0000000088200000, 0x0000000088200000, 0x0000000088300000|  0%| F|  |TAMS 0x0000000088200000| PB 0x0000000088200000| Untracked 
|  91|0x0000000088300000, 0x0000000088300000, 0x0000000088400000|  0%| F|  |TAMS 0x0000000088300000| PB 0x0000000088300000| Untracked 
|  92|0x0000000088400000, 0x0000000088400000, 0x0000000088500000|  0%| F|  |TAMS 0x0000000088400000| PB 0x0000000088400000| Untracked 
|  93|0x0000000088500000, 0x0000000088500000, 0x0000000088600000|  0%| F|  |TAMS 0x0000000088500000| PB 0x0000000088500000| Untracked 
|  94|0x0000000088600000, 0x0000000088600000, 0x0000000088700000|  0%| F|  |TAMS 0x0000000088600000| PB 0x0000000088600000| Untracked 
|  95|0x0000000088700000, 0x0000000088700000, 0x0000000088800000|  0%| F|  |TAMS 0x0000000088700000| PB 0x0000000088700000| Untracked 
|  96|0x0000000088800000, 0x0000000088800000, 0x0000000088900000|  0%| F|  |TAMS 0x0000000088800000| PB 0x0000000088800000| Untracked 
|  97|0x0000000088900000, 0x0000000088900000, 0x0000000088a00000|  0%| F|  |TAMS 0x0000000088900000| PB 0x0000000088900000| Untracked 
|  98|0x0000000088a00000, 0x0000000088a00000, 0x0000000088b00000|  0%| F|  |TAMS 0x0000000088a00000| PB 0x0000000088a00000| Untracked 
|  99|0x0000000088b00000, 0x0000000088b00000, 0x0000000088c00000|  0%| F|  |TAMS 0x0000000088b00000| PB 0x0000000088b00000| Untracked 
| 100|0x0000000088c00000, 0x0000000088c00000, 0x0000000088d00000|  0%| F|  |TAMS 0x0000000088c00000| PB 0x0000000088c00000| Untracked 
| 101|0x0000000088d00000, 0x0000000088d00000, 0x0000000088e00000|  0%| F|  |TAMS 0x0000000088d00000| PB 0x0000000088d00000| Untracked 
| 102|0x0000000088e00000, 0x0000000088e00000, 0x0000000088f00000|  0%| F|  |TAMS 0x0000000088e00000| PB 0x0000000088e00000| Untracked 
| 103|0x0000000088f00000, 0x0000000088f00000, 0x0000000089000000|  0%| F|  |TAMS 0x0000000088f00000| PB 0x0000000088f00000| Untracked 
| 104|0x0000000089000000, 0x0000000089000000, 0x0000000089100000|  0%| F|  |TAMS 0x0000000089000000| PB 0x0000000089000000| Untracked 
| 105|0x0000000089100000, 0x0000000089100000, 0x0000000089200000|  0%| F|  |TAMS 0x0000000089100000| PB 0x0000000089100000| Untracked 
| 106|0x0000000089200000, 0x0000000089200000, 0x0000000089300000|  0%| F|  |TAMS 0x0000000089200000| PB 0x0000000089200000| Untracked 
| 107|0x0000000089300000, 0x0000000089300000, 0x0000000089400000|  0%| F|  |TAMS 0x0000000089300000| PB 0x0000000089300000| Untracked 
| 108|0x0000000089400000, 0x0000000089400000, 0x0000000089500000|  0%| F|  |TAMS 0x0000000089400000| PB 0x0000000089400000| Untracked 
| 109|0x0000000089500000, 0x0000000089500000, 0x0000000089600000|  0%| F|  |TAMS 0x0000000089500000| PB 0x0000000089500000| Untracked 
| 110|0x0000000089600000, 0x0000000089600000, 0x0000000089700000|  0%| F|  |TAMS 0x0000000089600000| PB 0x0000000089600000| Untracked 
| 111|0x0000000089700000, 0x0000000089700000, 0x0000000089800000|  0%| F|  |TAMS 0x0000000089700000| PB 0x0000000089700000| Untracked 
| 112|0x0000000089800000, 0x0000000089800000, 0x0000000089900000|  0%| F|  |TAMS 0x0000000089800000| PB 0x0000000089800000| Untracked 
| 113|0x0000000089900000, 0x0000000089900000, 0x0000000089a00000|  0%| F|  |TAMS 0x0000000089900000| PB 0x0000000089900000| Untracked 
| 114|0x0000000089a00000, 0x0000000089a00000, 0x0000000089b00000|  0%| F|  |TAMS 0x0000000089a00000| PB 0x0000000089a00000| Untracked 
| 115|0x0000000089b00000, 0x0000000089b00000, 0x0000000089c00000|  0%| F|  |TAMS 0x0000000089b00000| PB 0x0000000089b00000| Untracked 
| 116|0x0000000089c00000, 0x0000000089c00000, 0x0000000089d00000|  0%| F|  |TAMS 0x0000000089c00000| PB 0x0000000089c00000| Untracked 
| 117|0x0000000089d00000, 0x0000000089d00000, 0x0000000089e00000|  0%| F|  |TAMS 0x0000000089d00000| PB 0x0000000089d00000| Untracked 
| 118|0x0000000089e00000, 0x0000000089e00000, 0x0000000089f00000|  0%| F|  |TAMS 0x0000000089e00000| PB 0x0000000089e00000| Untracked 
| 119|0x0000000089f00000, 0x0000000089f85a60, 0x000000008a000000| 52%| E|  |TAMS 0x0000000089f00000| PB 0x0000000089f00000| Complete 
| 120|0x000000008a000000, 0x000000008a100000, 0x000000008a100000|100%| E|CS|TAMS 0x000000008a000000| PB 0x000000008a000000| Complete 
| 121|0x000000008a100000, 0x000000008a200000, 0x000000008a200000|100%| E|CS|TAMS 0x000000008a100000| PB 0x000000008a100000| Complete 
| 122|0x000000008a200000, 0x000000008a300000, 0x000000008a300000|100%| E|CS|TAMS 0x000000008a200000| PB 0x000000008a200000| Complete 
| 123|0x000000008a300000, 0x000000008a400000, 0x000000008a400000|100%| E|CS|TAMS 0x000000008a300000| PB 0x000000008a300000| Complete 
| 124|0x000000008a400000, 0x000000008a500000, 0x000000008a500000|100%| E|CS|TAMS 0x000000008a400000| PB 0x000000008a400000| Complete 
| 125|0x000000008a500000, 0x000000008a600000, 0x000000008a600000|100%| E|CS|TAMS 0x000000008a500000| PB 0x000000008a500000| Complete 

Card table byte_map: [0x000001dcc4390000,0x000001dcc4780000] _byte_map_base: 0x000001dcc3f7c000

Marking Bits: (CMBitMap*) 0x000001dcab1296a0
 Bits: [0x000001dcc4b70000, 0x000001dcc6ad0000)

Polling page: 0x000001dcb4950000

Metaspace:

Usage:
  Non-class:      4.71 MB used.
      Class:    600.33 KB used.
       Both:      5.30 MB used.

Virtual space:
  Non-class space:       64.00 MB reserved,       4.81 MB (  8%) committed,  1 nodes.
      Class space:        1.00 GB reserved,     704.00 KB ( <1%) committed,  1 nodes.
             Both:        1.06 GB reserved,       5.50 MB ( <1%) committed. 

Chunk freelists:
   Non-Class:  2.87 MB
       Class:  3.24 MB
        Both:  6.12 MB

MaxMetaspaceSize: unlimited
CompressedClassSpaceSize: 1.00 GB
Initial GC threshold: 21.00 MB
Current GC threshold: 21.00 MB
CDS: on
MetaspaceReclaimPolicy: balanced
 - commit_granule_bytes: 65536.
 - commit_granule_words: 8192.
 - virtual_space_node_default_size: 8388608.
 - enlarge_chunks_in_place: 1.
 - new_chunks_are_fully_committed: 0.
 - uncommit_free_chunks: 1.
 - use_allocation_guard: 0.


Internal statistics:

num_allocs_failed_limit: 0.
num_arena_births: 126.
num_arena_deaths: 0.
num_vsnodes_births: 2.
num_vsnodes_deaths: 0.
num_space_committed: 88.
num_space_uncommitted: 0.
num_chunks_returned_to_freelist: 0.
num_chunks_taken_from_freelist: 151.
num_chunk_merges: 0.
num_chunk_splits: 93.
num_chunks_enlarged: 41.
num_inconsistent_stats: 0.

CodeHeap 'non-profiled nmethods': size=120000Kb used=179Kb max_used=179Kb free=119821Kb
 bounds [0x000001dcbc440000, 0x000001dcbc6b0000, 0x000001dcc3970000]
CodeHeap 'profiled nmethods': size=120000Kb used=1021Kb max_used=1021Kb free=118978Kb
 bounds [0x000001dcb4970000, 0x000001dcb4be0000, 0x000001dcbbea0000]
CodeHeap 'non-nmethods': size=5760Kb used=1504Kb max_used=1510Kb free=4255Kb
 bounds [0x000001dcbbea0000, 0x000001dcbc110000, 0x000001dcbc440000]
 total_blobs=1180 nmethods=649 adapters=442
 compilation: enabled
              stopped_count=0, restarted_count=0
 full_count=0

Compilation events (20 events):
Event: 0.331 Thread 0x000001dcc91056a0  640       1       java.beans.PropertyChangeEvent::getPropertyName (5 bytes)
Event: 0.331 Thread 0x000001dcc91056a0 nmethod 640 0x000001dcbc46c310 code [0x000001dcbc46c480, 0x000001dcbc46c548]
Event: 0.332 Thread 0x000001dcc91056a0  641       1       java.beans.PropertyChangeEvent::getOldValue (5 bytes)
Event: 0.332 Thread 0x000001dcc91056a0 nmethod 641 0x000001dcbc46c610 code [0x000001dcbc46c780, 0x000001dcbc46c848]
Event: 0.332 Thread 0x000001dcc91056a0  642       1       java.beans.PropertyChangeEvent::getNewValue (5 bytes)
Event: 0.332 Thread 0x000001dcc91056a0 nmethod 642 0x000001dcbc46c910 code [0x000001dcbc46ca80, 0x000001dcbc46cb48]
Event: 0.339 Thread 0x000001dcc91056a0  643       3       java.lang.StringConcatHelper::mix (27 bytes)
Event: 0.340 Thread 0x000001dcc91056a0 nmethod 643 0x000001dcb4a6cc10 code [0x000001dcb4a6cde0, 0x000001dcb4a6d1d8]
Event: 0.340 Thread 0x000001dcc91056a0  644       3       java.lang.invoke.BoundMethodHandle::<init> (32 bytes)
Event: 0.340 Thread 0x000001dcc91056a0 nmethod 644 0x000001dcb4a6d390 code [0x000001dcb4a6d520, 0x000001dcb4a6d678]
Event: 0.340 Thread 0x000001dcc91056a0  645       3       java.lang.invoke.ClassSpecializer$SpeciesData::fieldCount (10 bytes)
Event: 0.341 Thread 0x000001dcc91056a0 nmethod 645 0x000001dcb4a6d710 code [0x000001dcb4a6d8a0, 0x000001dcb4a6da70]
Event: 0.341 Thread 0x000001dcc91056a0  646       3       java.lang.reflect.Array::newInstance (6 bytes)
Event: 0.341 Thread 0x000001dcc91056a0 nmethod 646 0x000001dcb4a6db10 code [0x000001dcb4a6dca0, 0x000001dcb4a6ddb0]
Event: 0.341 Thread 0x000001dcc91056a0  647       3       java.lang.StringConcatHelper::stringOf (20 bytes)
Event: 0.341 Thread 0x000001dcc91056a0 nmethod 647 0x000001dcb4a6de90 code [0x000001dcb4a6e020, 0x000001dcb4a6e258]
Event: 0.346 Thread 0x000001dcc91056a0  648       3       jdk.internal.org.objectweb.asm.MethodVisitor::<init> (78 bytes)
Event: 0.347 Thread 0x000001dcc91056a0 nmethod 648 0x000001dcb4a6e310 code [0x000001dcb4a6e520, 0x000001dcb4a6ecd0]
Event: 0.347 Thread 0x000001dcc91056a0  649       3       java.lang.invoke.InnerClassLambdaMetafactory::getOpcodeOffset (38 bytes)
Event: 0.347 Thread 0x000001dcc91056a0 nmethod 649 0x000001dcb4a6ef90 code [0x000001dcb4a6f140, 0x000001dcb4a6f420]

GC Heap History (0 events):
No events

Dll operation events (5 events):
Event: 0.008 Loaded shared library C:\Program Files\Java\jdk-20\bin\java.dll
Event: 0.032 Loaded shared library C:\Program Files\Java\jdk-20\bin\jsvml.dll
Event: 0.082 Loaded shared library C:\Program Files\Java\jdk-20\bin\jimage.dll
Event: 0.099 Loaded shared library C:\Program Files\Java\jdk-20\bin\awt.dll
Event: 0.285 Loaded shared library C:\Program Files\Java\jdk-20\bin\zip.dll

Deoptimization events (4 events):
Event: 0.314 Thread 0x000001dd0e7b2030 Uncommon trap: trap_request=0xffffff45 fr.pc=0x000001dcbc466fdc relative=0x00000000000006fc
Event: 0.314 Thread 0x000001dd0e7b2030 Uncommon trap: reason=unstable_if action=reinterpret pc=0x000001dcbc466fdc method=java.util.regex.Matcher.search(I)Z @ 30 c2
Event: 0.314 Thread 0x000001dd0e7b2030 DEOPT PACKING pc=0x000001dcbc466fdc sp=0x000000d9c98fe770
Event: 0.314 Thread 0x000001dd0e7b2030 DEOPT UNPACKING pc=0x000001dcbbf09d22 sp=0x000000d9c98fe750 mode 2

Classes loaded (20 events):
Event: 0.345 Loading class sun/datatransfer/DataFlavorUtil$DefaultDesktopDatatransferService done
Event: 0.345 Loading class sun/awt/datatransfer/DesktopDatatransferServiceImpl
Event: 0.345 Loading class sun/awt/datatransfer/DesktopDatatransferServiceImpl done
Event: 0.345 Loading class java/awt/datatransfer/DataFlavor
Event: 0.345 Loading class java/io/Externalizable
Event: 0.345 Loading class java/io/Externalizable done
Event: 0.345 Loading class java/awt/datatransfer/DataFlavor done
Event: 0.346 Loading class java/awt/datatransfer/SystemFlavorMap$SoftCache
Event: 0.346 Loading class java/awt/datatransfer/SystemFlavorMap$SoftCache done
Event: 0.347 Loading class javax/swing/TransferHandler$DropHandler
Event: 0.347 Loading class javax/swing/TransferHandler$DropHandler done
Event: 0.347 Loading class javax/swing/TransferHandler$TransferSupport
Event: 0.347 Loading class javax/swing/TransferHandler$TransferSupport done
Event: 0.347 Loading class javax/swing/text/PlainDocument
Event: 0.347 Loading class javax/swing/text/AbstractDocument
Event: 0.348 Loading class javax/swing/text/AbstractDocument done
Event: 0.348 Loading class javax/swing/text/PlainDocument done
Event: 0.348 Loading class javax/swing/text/GapContent
Event: 0.348 Loading class javax/swing/text/AbstractDocument$Content
Event: 0.348 Loading class javax/swing/text/AbstractDocument$Content done

Classes unloaded (0 events):
No events

Classes redefined (0 events):
No events

Internal exceptions (10 events):
Event: 0.088 Thread 0x000001dcab0c7bd0 Exception <a 'java/lang/ClassNotFoundException'{0x000000008a487578}: sun/awt/resources/spi/awtProvider> (0x000000008a487578) 
thrown [s\open\src\hotspot\share\classfile\systemDictionary.cpp, line 305]
Event: 0.113 Thread 0x000001dcab0c7bd0 Exception <a 'java/io/FileNotFoundException'{0x000000008a4e2888}> (0x000000008a4e2888) 
thrown [s\open\src\hotspot\share\prims\jni.cpp, line 519]
Event: 0.119 Thread 0x000001dcab0c7bd0 Exception <a 'java/io/FileNotFoundException'{0x000000008a30cdc0}> (0x000000008a30cdc0) 
thrown [s\open\src\hotspot\share\prims\jni.cpp, line 519]
Event: 0.218 Thread 0x000001dcab0c7bd0 Exception <a 'java/lang/NoSuchMethodError'{0x000000008a2222e8}: 'void java.lang.invoke.DirectMethodHandle$Holder.invokeSpecial(java.lang.Object, java.lang.Object, java.lang.Object)'> (0x000000008a2222e8) 
thrown [s\open\src\hotspot\share\interpreter\linkResolver.cpp, line 773]
Event: 0.224 Thread 0x000001dcab0c7bd0 Exception <a 'java/lang/NoSuchMethodError'{0x000000008a24cc20}: 'java.lang.Object java.lang.invoke.DirectMethodHandle$Holder.newInvokeSpecial(java.lang.Object, java.lang.Object, java.lang.Object, java.lang.Object, java.lang.Object)'> (0x000000008a24cc20) 
thrown [s\open\src\hotspot\share\interpreter\linkResolver.cpp, line 773]
Event: 0.230 Thread 0x000001dcab0c7bd0 Exception <a 'java/lang/NoSuchMethodError'{0x000000008a27d4c8}: 'java.lang.Object java.lang.invoke.DirectMethodHandle$Holder.invokeStatic(java.lang.Object, int, java.lang.Object)'> (0x000000008a27d4c8) 
thrown [s\open\src\hotspot\share\interpreter\linkResolver.cpp, line 773]
Event: 0.253 Thread 0x000001dcab0c7bd0 Exception <a 'java/lang/ClassNotFoundException'{0x000000008a17b5a8}: com/sun/swing/internal/plaf/metal/resources/spi/metalProvider> (0x000000008a17b5a8) 
thrown [s\open\src\hotspot\share\classfile\systemDictionary.cpp, line 305]
Event: 0.254 Thread 0x000001dcab0c7bd0 Exception <a 'java/lang/ClassNotFoundException'{0x000000008a17f588}: com/sun/swing/internal/plaf/basic/resources/spi/basicProvider> (0x000000008a17f588) 
thrown [s\open\src\hotspot\share\classfile\systemDictionary.cpp, line 305]
Event: 0.261 Thread 0x000001dcab0c7bd0 Exception <a 'java/lang/NoSuchMethodError'{0x000000008a19f330}: 'int java.lang.invoke.Invokers$Holder.invokeExact_MT(java.lang.Object, java.lang.Object)'> (0x000000008a19f330) 
thrown [s\open\src\hotspot\share\interpreter\linkResolver.cpp, line 773]
Event: 0.325 Thread 0x000001dd0e7b2030 Exception <a 'java/lang/NoSuchMethodError'{0x0000000089f6aac0}: 'java.lang.Object java.lang.invoke.DirectMethodHandle$Holder.newInvokeSpecial(java.lang.Object, java.lang.Object, java.lang.Object, int, int, int, int, int)'> (0x0000000089f6aac0) 
thrown [s\open\src\hotspot\share\interpreter\linkResolver.cpp, line 773]

VM Operations (6 events):
Event: 0.253 Executing VM operation: HandshakeAllThreads
Event: 0.253 Executing VM operation: HandshakeAllThreads done
Event: 0.313 Executing VM operation: HandshakeAllThreads
Event: 0.313 Executing VM operation: HandshakeAllThreads done
Event: 0.345 Executing VM operation: HandshakeAllThreads
Event: 0.345 Executing VM operation: HandshakeAllThreads done

Events (15 events):
Event: 0.032 Thread 0x000001dcab0c7bd0 Thread added: 0x000001dcab0c7bd0
Event: 0.043 Thread 0x000001dcc90e92d0 Thread added: 0x000001dcc90e92d0
Event: 0.043 Thread 0x000001dcc90ea310 Thread added: 0x000001dcc90ea310
Event: 0.043 Thread 0x000001dcc90f1df0 Thread added: 0x000001dcc90f1df0
Event: 0.043 Thread 0x000001dcc90f6c60 Thread added: 0x000001dcc90f6c60
Event: 0.043 Thread 0x000001dcc90f7cf0 Thread added: 0x000001dcc90f7cf0
Event: 0.043 Thread 0x000001dcc90f8760 Thread added: 0x000001dcc90f8760
Event: 0.043 Thread 0x000001dcc9103e70 Thread added: 0x000001dcc9103e70
Event: 0.044 Thread 0x000001dcc91056a0 Thread added: 0x000001dcc91056a0
Event: 0.062 Thread 0x000001dd0e4f04e0 Thread added: 0x000001dd0e4f04e0
Event: 0.065 Thread 0x000001dd0e4f8800 Thread added: 0x000001dd0e4f8800
Event: 0.159 Thread 0x000001dd0e6e4960 Thread added: 0x000001dd0e6e4960
Event: 0.161 Thread 0x000001dd0e71dc90 Thread added: 0x000001dd0e71dc90
Event: 0.163 Thread 0x000001dd0e7224c0 Thread added: 0x000001dd0e7224c0
Event: 0.269 Thread 0x000001dd0e7b2030 Thread added: 0x000001dd0e7b2030


Dynamic libraries:
0x00007ff7d1ca0000 - 0x00007ff7d1cb0000 	C:\Program Files\Java\jdk-20\bin\java.exe
0x00007ff864430000 - 0x00007ff864647000 	C:\WINDOWS\SYSTEM32\ntdll.dll
0x00007ff863f70000 - 0x00007ff864034000 	C:\WINDOWS\System32\KERNEL32.DLL
0x00007ff861b60000 - 0x00007ff861f06000 	C:\WINDOWS\System32\KERNELBASE.dll
0x00007ff8617b0000 - 0x00007ff8618c1000 	C:\WINDOWS\System32\ucrtbase.dll
0x00007ff84c710000 - 0x00007ff84c729000 	C:\Program Files\Java\jdk-20\bin\jli.dll
0x00007ff862ec0000 - 0x00007ff862f70000 	C:\WINDOWS\System32\ADVAPI32.dll
0x00007ff863dc0000 - 0x00007ff863e67000 	C:\WINDOWS\System32\msvcrt.dll
0x00007ff8628f0000 - 0x00007ff862996000 	C:\WINDOWS\System32\sechost.dll
0x00007ff8627d0000 - 0x00007ff8628e7000 	C:\WINDOWS\System32\RPCRT4.dll
0x00007ff863c10000 - 0x00007ff863dbd000 	C:\WINDOWS\System32\USER32.dll
0x00007ff861f10000 - 0x00007ff861f36000 	C:\WINDOWS\System32\win32u.dll
0x00007ff8622c0000 - 0x00007ff8622e9000 	C:\WINDOWS\System32\GDI32.dll
0x00007ff861a40000 - 0x00007ff861b58000 	C:\WINDOWS\System32\gdi32full.dll
0x00007ff862000000 - 0x00007ff86209a000 	C:\WINDOWS\System32\msvcp_win.dll
0x00007ff85b560000 - 0x00007ff85b57b000 	C:\Program Files\Java\jdk-20\bin\VCRUNTIME140.dll
0x00007ff849b10000 - 0x00007ff849da3000 	C:\WINDOWS\WinSxS\amd64_microsoft.windows.common-controls_6595b64144ccf1df_6.0.22621.2361_none_2712ced57382f843\COMCTL32.dll
0x00007ff8587d0000 - 0x00007ff8587da000 	C:\WINDOWS\SYSTEM32\VERSION.dll
0x00007ff864160000 - 0x00007ff864191000 	C:\WINDOWS\System32\IMM32.DLL
0x00007ff85b550000 - 0x00007ff85b55c000 	C:\Program Files\Java\jdk-20\bin\vcruntime140_1.dll
0x00007ff83acc0000 - 0x00007ff83ad4e000 	C:\Program Files\Java\jdk-20\bin\msvcp140.dll
0x00007ff816660000 - 0x00007ff8172f8000 	C:\Program Files\Java\jdk-20\bin\server\jvm.dll
0x00007ff85b540000 - 0x00007ff85b549000 	C:\WINDOWS\SYSTEM32\WSOCK32.dll
0x00007ff864370000 - 0x00007ff8643e1000 	C:\WINDOWS\System32\WS2_32.dll
0x00007ff85a1c0000 - 0x00007ff85a1f4000 	C:\WINDOWS\SYSTEM32\WINMM.dll
0x00007ff860790000 - 0x00007ff8607a8000 	C:\WINDOWS\SYSTEM32\kernel.appcore.dll
0x00007ff84eb70000 - 0x00007ff84eb7a000 	C:\Program Files\Java\jdk-20\bin\jimage.dll
0x00007ff857ca0000 - 0x00007ff857ece000 	C:\WINDOWS\SYSTEM32\DBGHELP.DLL
0x00007ff862a90000 - 0x00007ff862e1a000 	C:\WINDOWS\System32\combase.dll
0x00007ff8637d0000 - 0x00007ff8638a7000 	C:\WINDOWS\System32\OLEAUT32.dll
0x00007ff838760000 - 0x00007ff838792000 	C:\WINDOWS\SYSTEM32\dbgcore.DLL
0x00007ff862110000 - 0x00007ff86218a000 	C:\WINDOWS\System32\bcryptPrimitives.dll
0x00007ff85b360000 - 0x00007ff85b386000 	C:\Program Files\Java\jdk-20\bin\java.dll
0x00007ff84e910000 - 0x00007ff84e9e7000 	C:\Program Files\Java\jdk-20\bin\jsvml.dll
0x00007ff862f70000 - 0x00007ff8637c8000 	C:\WINDOWS\System32\SHELL32.dll
0x00007ff85f710000 - 0x00007ff860002000 	C:\WINDOWS\SYSTEM32\windows.storage.dll
0x00007ff85f5d0000 - 0x00007ff85f70e000 	C:\WINDOWS\SYSTEM32\wintypes.dll
0x00007ff864060000 - 0x00007ff864153000 	C:\WINDOWS\System32\SHCORE.dll
0x00007ff863bb0000 - 0x00007ff863c0e000 	C:\WINDOWS\System32\shlwapi.dll
0x00007ff8616e0000 - 0x00007ff861706000 	C:\WINDOWS\SYSTEM32\profapi.dll
0x00007ff83f070000 - 0x00007ff83f201000 	C:\Program Files\Java\jdk-20\bin\awt.dll
0x00007ff85e820000 - 0x00007ff85e8b7000 	C:\WINDOWS\SYSTEM32\apphelp.dll
0x00007ff85ec40000 - 0x00007ff85ec6b000 	C:\WINDOWS\system32\DWMAPI.DLL
0x00007ff85e9f0000 - 0x00007ff85ea9b000 	C:\WINDOWS\system32\uxtheme.dll
0x00007ff8438b0000 - 0x00007ff8439b0000 	C:\WINDOWS\system32\opengl32.dll
0x00007ff84cd20000 - 0x00007ff84cd4d000 	C:\WINDOWS\SYSTEM32\GLU32.dll
0x00007ff85eaf0000 - 0x00007ff85eb26000 	C:\WINDOWS\SYSTEM32\dxcore.dll
0x00007ff811fc0000 - 0x00007ff8120f9000 	C:\ProgramData\A-Volute\A-Volute.Nahimic\Modules\Scheduled\x64\AudioDevProps2.dll
0x00007ff8638b0000 - 0x00007ff863a4f000 	C:\WINDOWS\System32\ole32.dll
0x00007ff85b400000 - 0x00007ff85b457000 	C:\Program Files\Huawei\PCManager\plugins\PerfWndMonModule.dll
0x00007ff863a50000 - 0x00007ff863b9c000 	C:\WINDOWS\System32\MSCTF.dll
0x00007ff849330000 - 0x00007ff849348000 	C:\Program Files\Java\jdk-20\bin\zip.dll

dbghelp: loaded successfully - version: 4.0.5 - missing functions: none
symbol engine: initialized successfully - sym options: 0x614 - pdb path: .;C:\Program Files\Java\jdk-20\bin;C:\WINDOWS\SYSTEM32;C:\WINDOWS\WinSxS\amd64_microsoft.windows.common-controls_6595b64144ccf1df_6.0.22621.2361_none_2712ced57382f843;C:\Program Files\Java\jdk-20\bin\server;C:\ProgramData\A-Volute\A-Volute.Nahimic\Modules\Scheduled\x64;C:\Program Files\Huawei\PCManager\plugins

VM Arguments:
jvm_args: -Dfile.encoding=UTF-8 
java_command: vista.MenuPrincipal
java_class_path (initial): C:\Users\Oscar\OneDrive\Escritorio\Laboratory_3\laboratory_3\build\classes
Launcher Type: SUN_STANDARD

[Global flags]
     intx CICompilerCount                          = 3                                         {product} {ergonomic}
     uint ConcGCThreads                            = 1                                         {product} {ergonomic}
     uint G1ConcRefinementThreads                  = 4                                         {product} {ergonomic}
   size_t G1HeapRegionSize                         = 1048576                                   {product} {ergonomic}
    uintx GCDrainStackTargetSize                   = 64                                        {product} {ergonomic}
   size_t InitialHeapSize                          = 132120576                                 {product} {ergonomic}
   size_t MarkStackSize                            = 4194304                                   {product} {ergonomic}
   size_t MaxHeapSize                              = 2105540608                                {product} {ergonomic}
   size_t MaxNewSize                               = 1262485504                                {product} {ergonomic}
   size_t MinHeapDeltaBytes                        = 1048576                                   {product} {ergonomic}
   size_t MinHeapSize                              = 8388608                                   {product} {ergonomic}
    uintx NonNMethodCodeHeapSize                   = 5832780                                {pd product} {ergonomic}
    uintx NonProfiledCodeHeapSize                  = 122912730                              {pd product} {ergonomic}
    uintx ProfiledCodeHeapSize                     = 122912730                              {pd product} {ergonomic}
    uintx ReservedCodeCacheSize                    = 251658240                              {pd product} {ergonomic}
     bool SegmentedCodeCache                       = true                                      {product} {ergonomic}
   size_t SoftMaxHeapSize                          = 2105540608                             {manageable} {ergonomic}
     bool UseCompressedClassPointers               = true                           {product lp64_product} {ergonomic}
     bool UseCompressedOops                        = true                           {product lp64_product} {ergonomic}
     bool UseG1GC                                  = true                                      {product} {ergonomic}
     bool UseLargePagesIndividualAllocation        = false                                  {pd product} {ergonomic}

Logging:
Log output configuration:
 #0: stdout all=warning uptime,level,tags foldmultilines=false
 #1: stderr all=off uptime,level,tags foldmultilines=false

Environment Variables:
PATH=C:\Program Files\Common Files\Oracle\Java\javapath;C:\Windows\System32\HWAudioDriverLibs\C:\User\Oscar\AppData\Roaming\Microsoft\Windows\Start Menu\Programs\Python 3.10;C:\Windows\system32;C:\Windows;C:\Windows\System32\Wbem;C:\Windows\System32\WindowsPowerShell\v1.0\;C:\Windows\System32\OpenSSH\;C:\Windows\system32\config\systemprofile\AppData\Local\Microsoft\WindowsApps;C:\WINDOWS\system32;C:\WINDOWS;C:\WINDOWS\System32\Wbem;C:\WINDOWS\System32\WindowsPowerShell\v1.0\;C:\WINDOWS\System32\OpenSSH\;C:\Program Files\Git\cmd;C:\Users\Oscar\AppData\Local\Programs\Python\Python312\;C:\Users\Oscar\AppData\Local\Programs\Python\Python312\Scripts\;C:\Users\Oscar\AppData\Local\Programs\Python\Python312\;C:\Users\Oscar\AppData\Local\Microsoft\WindowsApps;C:\Users\Oscar\AppData\Local\Programs\Microsoft VS Code\bin;C:\MinGW\bin;C:\Users\Oscar\AppData\Roaming\Microsoft\Windows\Start Menu\Programs\Python 3.12;
USERNAME=Oscar
OS=Windows_NT
PROCESSOR_IDENTIFIER=Intel64 Family 6 Model 142 Stepping 12, GenuineIntel
TMP=C:\Users\Oscar\AppData\Local\Temp
TEMP=C:\Users\Oscar\AppData\Local\Temp




---------------  S Y S T E M  ---------------

OS:
 Windows 11 , 64 bit Build 22621 (10.0.22621.2428)
OS uptime: 0 days 17:18 hours

CPU: total 4 (initial active 4) (2 cores per cpu, 2 threads per core) family 6 model 142 stepping 12 microcode 0xde, cx8, cmov, fxsr, ht, mmx, 3dnowpref, sse, sse2, sse3, ssse3, sse4.1, sse4.2, popcnt, lzcnt, tsc, tscinvbit, avx, avx2, aes, erms, clmul, bmi1, bmi2, adx, fma, vzeroupper, clflush, clflushopt, rdtscp, f16c

Memory: 4k page, system-wide physical 8025M (856M free)
TotalPageFile size 10073M (AvailPageFile size 4M)
current process WorkingSet (physical memory assigned to process): 53M, peak: 53M
current process commit charge ("private bytes"): 207M, peak: 207M

vm_info: Java HotSpot(TM) 64-Bit Server VM (20.0.2+9-78) for windows-amd64 JRE (20.0.2+9-78), built on 2023-06-14T10:08:48Z by "mach5one" with MS VC++ 17.1 (VS2022)

END.
